This is pdfTeX, Version 3.141592653-2.6-1.40.25 (MiKTeX 24.1) (preloaded format=pdflatex 2025.2.1)  23 FEB 2025 19:23
entering extended mode
 restricted \write18 enabled.
 %&-line parsing enabled.
**"E:/SLIIT/Final Year project/QuilEditor/RP-24-25J-146/Backend/output/output_p
aper.tex"

(E:/SLIIT/Final Year project/QuilEditor/RP-24-25J-146/Backend/output/output_pap
er.tex
LaTeX2e <2023-11-01> patch level 1
L3 programming layer <2024-01-04>

(C:\Users\shandeep\AppData\Local\Programs\MiKTeX\tex/latex/ieeetran\IEEEtran.cl
s
Document Class: IEEEtran 2015/08/26 V1.8b by Michael Shell
-- See the "IEEEtran_HOWTO" manual for usage information.
-- http://www.michaelshell.org/tex/ieeetran/
\@IEEEtrantmpdimenA=\dimen140
\@IEEEtrantmpdimenB=\dimen141
\@IEEEtrantmpdimenC=\dimen142
\@IEEEtrantmpcountA=\count187
\@IEEEtrantmpcountB=\count188
\@IEEEtrantmpcountC=\count189
\@IEEEtrantmptoksA=\toks17
LaTeX Font Info:    Trying to load font information for OT1+ptm on input line 5
03.
(C:\Users\shandeep\AppData\Local\Programs\MiKTeX\tex/latex/psnfss\ot1ptm.fd
File: ot1ptm.fd 2001/06/04 font definitions for OT1/ptm.
)
-- Using 8.5in x 11in (letter) paper.
-- Using PDF output.
\@IEEEnormalsizeunitybaselineskip=\dimen143
-- This is a 10 point document.
\CLASSINFOnormalsizebaselineskip=\dimen144
\CLASSINFOnormalsizeunitybaselineskip=\dimen145
\IEEEnormaljot=\dimen146
LaTeX Font Info:    Font shape `OT1/ptm/bx/n' in size <5> not available
(Font)              Font shape `OT1/ptm/b/n' tried instead on input line 1090.
LaTeX Font Info:    Font shape `OT1/ptm/bx/it' in size <5> not available
(Font)              Font shape `OT1/ptm/b/it' tried instead on input line 1090.

LaTeX Font Info:    Font shape `OT1/ptm/bx/n' in size <7> not available
(Font)              Font shape `OT1/ptm/b/n' tried instead on input line 1090.
LaTeX Font Info:    Font shape `OT1/ptm/bx/it' in size <7> not available
(Font)              Font shape `OT1/ptm/b/it' tried instead on input line 1090.

LaTeX Font Info:    Font shape `OT1/ptm/bx/n' in size <8> not available
(Font)              Font shape `OT1/ptm/b/n' tried instead on input line 1090.
LaTeX Font Info:    Font shape `OT1/ptm/bx/it' in size <8> not available
(Font)              Font shape `OT1/ptm/b/it' tried instead on input line 1090.

LaTeX Font Info:    Font shape `OT1/ptm/bx/n' in size <9> not available
(Font)              Font shape `OT1/ptm/b/n' tried instead on input line 1090.
LaTeX Font Info:    Font shape `OT1/ptm/bx/it' in size <9> not available
(Font)              Font shape `OT1/ptm/b/it' tried instead on input line 1090.

LaTeX Font Info:    Font shape `OT1/ptm/bx/n' in size <10> not available
(Font)              Font shape `OT1/ptm/b/n' tried instead on input line 1090.
LaTeX Font Info:    Font shape `OT1/ptm/bx/it' in size <10> not available
(Font)              Font shape `OT1/ptm/b/it' tried instead on input line 1090.

LaTeX Font Info:    Font shape `OT1/ptm/bx/n' in size <11> not available
(Font)              Font shape `OT1/ptm/b/n' tried instead on input line 1090.
LaTeX Font Info:    Font shape `OT1/ptm/bx/it' in size <11> not available
(Font)              Font shape `OT1/ptm/b/it' tried instead on input line 1090.

LaTeX Font Info:    Font shape `OT1/ptm/bx/n' in size <12> not available
(Font)              Font shape `OT1/ptm/b/n' tried instead on input line 1090.
LaTeX Font Info:    Font shape `OT1/ptm/bx/it' in size <12> not available
(Font)              Font shape `OT1/ptm/b/it' tried instead on input line 1090.

LaTeX Font Info:    Font shape `OT1/ptm/bx/n' in size <17> not available
(Font)              Font shape `OT1/ptm/b/n' tried instead on input line 1090.
LaTeX Font Info:    Font shape `OT1/ptm/bx/it' in size <17> not available
(Font)              Font shape `OT1/ptm/b/it' tried instead on input line 1090.

LaTeX Font Info:    Font shape `OT1/ptm/bx/n' in size <20> not available
(Font)              Font shape `OT1/ptm/b/n' tried instead on input line 1090.
LaTeX Font Info:    Font shape `OT1/ptm/bx/it' in size <20> not available
(Font)              Font shape `OT1/ptm/b/it' tried instead on input line 1090.

LaTeX Font Info:    Font shape `OT1/ptm/bx/n' in size <24> not available
(Font)              Font shape `OT1/ptm/b/n' tried instead on input line 1090.
LaTeX Font Info:    Font shape `OT1/ptm/bx/it' in size <24> not available
(Font)              Font shape `OT1/ptm/b/it' tried instead on input line 1090.

\IEEEquantizedlength=\dimen147
\IEEEquantizedlengthdiff=\dimen148
\IEEEquantizedtextheightdiff=\dimen149
\IEEEilabelindentA=\dimen150
\IEEEilabelindentB=\dimen151
\IEEEilabelindent=\dimen152
\IEEEelabelindent=\dimen153
\IEEEdlabelindent=\dimen154
\IEEElabelindent=\dimen155
\IEEEiednormlabelsep=\dimen156
\IEEEiedmathlabelsep=\dimen157
\IEEEiedtopsep=\skip48
\c@section=\count190
\c@subsection=\count191
\c@subsubsection=\count192
\c@paragraph=\count193
\c@IEEEsubequation=\count194
\abovecaptionskip=\skip49
\belowcaptionskip=\skip50
\c@figure=\count195
\c@table=\count196
\@IEEEeqnnumcols=\count197
\@IEEEeqncolcnt=\count198
\@IEEEsubeqnnumrollback=\count199
\@IEEEquantizeheightA=\dimen158
\@IEEEquantizeheightB=\dimen159
\@IEEEquantizeheightC=\dimen160
\@IEEEquantizeprevdepth=\dimen161
\@IEEEquantizemultiple=\count266
\@IEEEquantizeboxA=\box51
\@IEEEtmpitemindent=\dimen162
\IEEEPARstartletwidth=\dimen163
\c@IEEEbiography=\count267
\@IEEEtranrubishbin=\box52
)
(C:\Users\shandeep\AppData\Local\Programs\MiKTeX\tex/latex/graphics\graphicx.st
y
Package: graphicx 2021/09/16 v1.2d Enhanced LaTeX Graphics (DPC,SPQR)

(C:\Users\shandeep\AppData\Local\Programs\MiKTeX\tex/latex/graphics\keyval.sty
Package: keyval 2022/05/29 v1.15 key=value parser (DPC)
\KV@toks@=\toks18
)
(C:\Users\shandeep\AppData\Local\Programs\MiKTeX\tex/latex/graphics\graphics.st
y
Package: graphics 2022/03/10 v1.4e Standard LaTeX Graphics (DPC,SPQR)
 (C:\Users\shandeep\AppData\Local\Programs\MiKTeX\tex/latex/graphics\trig.sty
Package: trig 2021/08/11 v1.11 sin cos tan (DPC)
)
(C:\Users\shandeep\AppData\Local\Programs\MiKTeX\tex/latex/graphics-cfg\graphic
s.cfg
File: graphics.cfg 2016/06/04 v1.11 sample graphics configuration
)
Package graphics Info: Driver file: pdftex.def on input line 107.

(C:\Users\shandeep\AppData\Local\Programs\MiKTeX\tex/latex/graphics-def\pdftex.
def
File: pdftex.def 2022/09/22 v1.2b Graphics/color driver for pdftex
))
\Gin@req@height=\dimen164
\Gin@req@width=\dimen165
)
(C:\Users\shandeep\AppData\Local\Programs\MiKTeX\tex/latex/l3backend\l3backend-
pdftex.def
File: l3backend-pdftex.def 2024-01-04 L3 backend support: PDF output (pdfTeX)
\l__color_backend_stack_int=\count268
\l__pdf_internal_box=\box53
)
(E:/SLIIT\Final Year project\QuilEditor\RP-24-25J-146\Backend\output\output_pap
er.aux)
\openout1 = `output_paper.aux'.

LaTeX Font Info:    Checking defaults for OML/cmm/m/it on input line 28.
LaTeX Font Info:    ... okay on input line 28.
LaTeX Font Info:    Checking defaults for OMS/cmsy/m/n on input line 28.
LaTeX Font Info:    ... okay on input line 28.
LaTeX Font Info:    Checking defaults for OT1/cmr/m/n on input line 28.
LaTeX Font Info:    ... okay on input line 28.
LaTeX Font Info:    Checking defaults for T1/cmr/m/n on input line 28.
LaTeX Font Info:    ... okay on input line 28.
LaTeX Font Info:    Checking defaults for TS1/cmr/m/n on input line 28.
LaTeX Font Info:    ... okay on input line 28.
LaTeX Font Info:    Checking defaults for OMX/cmex/m/n on input line 28.
LaTeX Font Info:    ... okay on input line 28.
LaTeX Font Info:    Checking defaults for U/cmr/m/n on input line 28.
LaTeX Font Info:    ... okay on input line 28.

-- Lines per column: 56 (exact).

(C:\Users\shandeep\AppData\Local\Programs\MiKTeX\tex/context/base/mkii\supp-pdf
.mkii
[Loading MPS to PDF converter (version 2006.09.02).]
\scratchcounter=\count269
\scratchdimen=\dimen166
\scratchbox=\box54
\nofMPsegments=\count270
\nofMParguments=\count271
\everyMPshowfont=\toks19
\MPscratchCnt=\count272
\MPscratchDim=\dimen167
\MPnumerator=\count273
\makeMPintoPDFobject=\count274
\everyMPtoPDFconversion=\toks20
)
(C:\Users\shandeep\AppData\Local\Programs\MiKTeX\tex/latex/epstopdf-pkg\epstopd
f-base.sty
Package: epstopdf-base 2020-01-24 v2.11 Base part for package epstopdf
Package epstopdf-base Info: Redefining graphics rule for `.eps' on input line 4
85.

(C:\Users\shandeep\AppData\Local\Programs\MiKTeX\tex/latex/00miktex\epstopdf-sy
s.cfg
File: epstopdf-sys.cfg 2021/03/18 v2.0 Configuration of epstopdf for MiKTeX
))
<..//uploads/1740310754251.jpg, id=1, 1927.2pt x 1139.00531pt>
File: ..//uploads/1740310754251.jpg Graphic file (type jpg)
<use ..//uploads/1740310754251.jpg>
Package pdftex.def Info: ..//uploads/1740310754251.jpg  used on input line 51.
(pdftex.def)             Requested size: 258.0pt x 152.47298pt.

Overfull \hbox (6.0pt too wide) in paragraph at lines 51--52
 [][] 
 []

[1{C:/Users/shandeep/AppData/Local/MiKTeX/fonts/map/pdftex/pdftex.map}{C:/Users
/shandeep/AppData/Local/Programs/MiKTeX/fonts/enc/dvips/base/8r.enc}


 <E:/SLIIT/Final Year project/QuilEditor/RP-24-25J-146/Backend/uploads/17403107
54251.jpg>]
<..//uploads/1740312155867.jpg, id=10, 722.7pt x 888.31876pt>
File: ..//uploads/1740312155867.jpg Graphic file (type jpg)
<use ..//uploads/1740312155867.jpg>
Package pdftex.def Info: ..//uploads/1740312155867.jpg  used on input line 77.
(pdftex.def)             Requested size: 258.0pt x 317.12424pt.

Overfull \hbox (6.0pt too wide) in paragraph at lines 77--78
 [][] 
 []


LaTeX Warning: `h' float specifier changed to `ht'.

<..//uploads/1740312088464.jpg, id=11, 312.41719pt x 286.06876pt>
File: ..//uploads/1740312088464.jpg Graphic file (type jpg)
<use ..//uploads/1740312088464.jpg>
Package pdftex.def Info: ..//uploads/1740312088464.jpg  used on input line 102.

(pdftex.def)             Requested size: 258.0pt x 236.24535pt.

Overfull \hbox (6.0pt too wide) in paragraph at lines 102--103
 [][] 
 []


LaTeX Warning: `h' float specifier changed to `ht'.


** Conference Paper **
Before submitting the final camera ready copy, remember to:

 1. Manually equalize the lengths of two columns on the last page
 of your paper;

 2. Ensure that any PostScript and/or PDF output post-processing
 uses only Type 1 fonts and that every step in the generation
 process uses the appropriate paper size.

[2 <E:/SLIIT/Final Year project/QuilEditor/RP-24-25J-146/Backend/uploads/174031
2155867.jpg>] [3

 <E:/SLIIT/Final Year project/QuilEditor/RP-24-25J-146/Backend/uploads/17403120
88464.jpg>]
(E:/SLIIT\Final Year project\QuilEditor\RP-24-25J-146\Backend\output\output_pap
er.aux)
 ***********
LaTeX2e <2023-11-01> patch level 1
L3 programming layer <2024-01-04>
 ***********
 ) 
Here is how much of TeX's memory you used:
 2128 strings out of 474485
 39985 string characters out of 5742319
 1940542 words of memory out of 5000000
 24448 multiletter control sequences out of 15000+600000
 587436 words of font info for 84 fonts, out of 8000000 for 9000
 1141 hyphenation exceptions out of 8191
 57i,8n,65p,980b,256s stack positions out of 10000i,1000n,20000p,200000b,200000s
<C:/Users/shandeep/AppData/Local/Programs/MiKTeX/fonts/type1/urw/times/utmb8a
.pfb><C:/Users/shandeep/AppData/Local/Programs/MiKTeX/fonts/type1/urw/times/utm
bi8a.pfb><C:/Users/shandeep/AppData/Local/Programs/MiKTeX/fonts/type1/urw/times
/utmr8a.pfb><C:/Users/shandeep/AppData/Local/Programs/MiKTeX/fonts/type1/urw/ti
mes/utmri8a.pfb>
Output written on "E:/SLIIT\Final Year project\QuilEditor\RP-24-25J-146\Backend
\output\output_paper.pdf" (3 pages, 438223 bytes).
PDF statistics:
 36 PDF objects out of 1000 (max. 8388607)
 0 named destinations out of 1000 (max. 500000)
 16 words of extra memory for PDF output out of 10000 (max. 10000000)

